[     405ms] [INFO] %cDownload the React DevTools for a better development experience: https://react.dev/link/react-devtools font-weight:bold @ webpack-internal:///(pages-dir-browser)/./node_modules/react-dom/cjs/react-dom-client.development.js:28004
[     418ms] [LOG] [HMR] connected @ webpack-internal:///(pages-dir-browser)/./node_modules/next/dist/client/dev/hot-reloader/pages/websocket.js:45
[  212258ms] [LOG] [Fast Refresh] rebuilding @ webpack-internal:///(pages-dir-browser)/./node_modules/next/dist/client/dev/hot-reloader/pages/hot-reloader-pages.js:206
[  212456ms] [LOG] [Fast Refresh] done in 198ms @ webpack-internal:///(pages-dir-browser)/./node_modules/next/dist/client/dev/report-hmr-latency.js:13
[  248416ms] [LOG] [Fast Refresh] rebuilding @ webpack-internal:///(pages-dir-browser)/./node_modules/next/dist/client/dev/hot-reloader/pages/hot-reloader-pages.js:206
[  248495ms] [LOG] [Fast Refresh] done in 79ms @ webpack-internal:///(pages-dir-browser)/./node_modules/next/dist/client/dev/report-hmr-latency.js:13
[  330384ms] [LOG] [Fast Refresh] rebuilding @ webpack-internal:///(pages-dir-browser)/./node_modules/next/dist/client/dev/hot-reloader/pages/hot-reloader-pages.js:206
[  330542ms] [LOG] [Fast Refresh] done in 158ms @ webpack-internal:///(pages-dir-browser)/./node_modules/next/dist/client/dev/report-hmr-latency.js:13
[ 1077189ms] [LOG] [Fast Refresh] rebuilding @ webpack-internal:///(pages-dir-browser)/./node_modules/next/dist/client/dev/hot-reloader/pages/hot-reloader-pages.js:206
[ 1077805ms] [LOG] [Fast Refresh] done in 619ms @ webpack-internal:///(pages-dir-browser)/./node_modules/next/dist/client/dev/report-hmr-latency.js:13
[ 1086680ms] [LOG] [Fast Refresh] rebuilding @ webpack-internal:///(pages-dir-browser)/./node_modules/next/dist/client/dev/hot-reloader/pages/hot-reloader-pages.js:206
[ 1086978ms] [LOG] [Fast Refresh] done in 298ms @ webpack-internal:///(pages-dir-browser)/./node_modules/next/dist/client/dev/report-hmr-latency.js:13
[ 1094785ms] [LOG] [Fast Refresh] rebuilding @ webpack-internal:///(pages-dir-browser)/./node_modules/next/dist/client/dev/hot-reloader/pages/hot-reloader-pages.js:206
[ 1095078ms] [LOG] [Fast Refresh] done in 293ms @ webpack-internal:///(pages-dir-browser)/./node_modules/next/dist/client/dev/report-hmr-latency.js:13
[ 1361491ms] [LOG] [Fast Refresh] rebuilding @ webpack-internal:///(pages-dir-browser)/./node_modules/next/dist/client/dev/hot-reloader/pages/hot-reloader-pages.js:206
[ 1361698ms] [LOG] [Fast Refresh] done in 208ms @ webpack-internal:///(pages-dir-browser)/./node_modules/next/dist/client/dev/report-hmr-latency.js:13
[ 1543599ms] [LOG] [Fast Refresh] rebuilding @ webpack-internal:///(pages-dir-browser)/./node_modules/next/dist/client/dev/hot-reloader/pages/hot-reloader-pages.js:206
[ 1543746ms] [ERROR] %o

%s

%s
 TypeError: Cannot read properties of undefined (reading 'map')
    at computeReadinessScore (webpack-internal:///(pages-dir-browser)/./lib/nextBestTask.ts:87:47)
    at PathView (webpack-internal:///(pages-dir-browser)/./pages/subjects/[id]/path.tsx:113:92)
    at Object.react_stack_bottom_frame (webpack-internal:///(pages-dir-browser)/./node_modules/react-dom/cjs/react-dom-client.development.js:25905:20)
    at renderWithHooks (webpack-internal:///(pages-dir-browser)/./node_modules/react-dom/cjs/react-dom-client.development.js:7663:22)
    at updateFunctionComponent (webpack-internal:///(pages-dir-browser)/./node_modules/react-dom/cjs/react-dom-client.development.js:10167:19)
    at beginWork (webpack-internal:///(pages-dir-browser)/./node_modules/react-dom/cjs/react-dom-client.development.js:11779:18)
    at runWithFiberInDEV (webpack-internal:///(pages-dir-browser)/./node_modules/react-dom/cjs/react-dom-client.development.js:872:30)
    at performUnitOfWork (webpack-internal:///(pages-dir-browser)/./node_modules/react-dom/cjs/react-dom-client.development.js:17642:22)
    at workLoopSync (webpack-internal:///(pages-dir-browser)/./node_modules/react-dom/cjs/react-dom-client.development.js:17470:41)
    at renderRootSync (webpack-internal:///(pages-dir-browser)/./node_modules/react-dom/cjs/react-dom-client.development.js:17451:11)
    at performWorkOnRoot (webpack-internal:///(pages-dir-browser)/./node_modules/react-dom/cjs/react-dom-client.development.js:16584:35)
    at performSyncWorkOnRoot (webpack-internal:///(pages-dir-browser)/./node_modules/react-dom/cjs/react-dom-client.development.js:18973:7)
    at flushSyncWorkAcrossRoots_impl (webpack-internal:///(pages-dir-browser)/./node_modules/react-dom/cjs/react-dom-client.development.js:18815:21)
    at flushSyncWork$1 (webpack-internal:///(pages-dir-browser)/./node_modules/react-dom/cjs/react-dom-client.development.js:16899:12)
    at Object.scheduleRefresh (webpack-internal:///(pages-dir-browser)/./node_modules/react-dom/cjs/react-dom-client.development.js:114:9)
    at eval (webpack-internal:///(pages-dir-browser)/./node_modules/next/dist/compiled/react-refresh/cjs/react-refresh-runtime.development.js:265:17)
    at Set.forEach (<anonymous>)
    at Object.performReactRefresh (webpack-internal:///(pages-dir-browser)/./node_modules/next/dist/compiled/react-refresh/cjs/react-refresh-runtime.development.js:254:26)
    at applyUpdate (webpack-internal:///(pages-dir-browser)/./node_modules/next/dist/compiled/@next/react-refresh-utils/dist/internal/helpers.js:139:31)
    at statusHandler (webpack-internal:///(pages-dir-browser)/./node_modules/next/dist/compiled/@next/react-refresh-utils/dist/internal/helpers.js:156:13)
    at setStatus (http://localhost:3000/_next/static/chunks/webpack.js:437:55)
    at http://localhost:3000/_next/static/chunks/webpack.js:606:21 The above error occurred in the <PathView> component. React will try to recreate this component tree from scratch using the error boundary you provided, PagesDevOverlayErrorBoundary. @ webpack-internal:///(pages-dir-browser)/./node_modules/next/dist/next-devtools/userspace/pages/pages-dev-overlay-setup.js:76
[ 1543749ms] [LOG] [Fast Refresh] done in 150ms @ webpack-internal:///(pages-dir-browser)/./node_modules/next/dist/client/dev/report-hmr-latency.js:13
[ 1551319ms] [LOG] [Fast Refresh] rebuilding @ webpack-internal:///(pages-dir-browser)/./node_modules/next/dist/client/dev/hot-reloader/pages/hot-reloader-pages.js:206
[ 1551522ms] [LOG] [Fast Refresh] done in 203ms @ webpack-internal:///(pages-dir-browser)/./node_modules/next/dist/client/dev/report-hmr-latency.js:13
[ 1557298ms] [LOG] [Fast Refresh] rebuilding @ webpack-internal:///(pages-dir-browser)/./node_modules/next/dist/client/dev/hot-reloader/pages/hot-reloader-pages.js:206
[ 1563473ms] [LOG] [Fast Refresh] rebuilding @ webpack-internal:///(pages-dir-browser)/./node_modules/next/dist/client/dev/hot-reloader/pages/hot-reloader-pages.js:206
[ 1563603ms] [LOG] [Fast Refresh] done in 129ms @ webpack-internal:///(pages-dir-browser)/./node_modules/next/dist/client/dev/report-hmr-latency.js:13
[ 1570035ms] [LOG] [Fast Refresh] rebuilding @ webpack-internal:///(pages-dir-browser)/./node_modules/next/dist/client/dev/hot-reloader/pages/hot-reloader-pages.js:206
[ 1570122ms] [LOG] [Fast Refresh] done in 87ms @ webpack-internal:///(pages-dir-browser)/./node_modules/next/dist/client/dev/report-hmr-latency.js:13
[ 1577365ms] [LOG] [Fast Refresh] rebuilding @ webpack-internal:///(pages-dir-browser)/./node_modules/next/dist/client/dev/hot-reloader/pages/hot-reloader-pages.js:206
[ 1577434ms] [LOG] [Fast Refresh] done in 69ms @ webpack-internal:///(pages-dir-browser)/./node_modules/next/dist/client/dev/report-hmr-latency.js:13
[ 1582837ms] [LOG] [Fast Refresh] rebuilding @ webpack-internal:///(pages-dir-browser)/./node_modules/next/dist/client/dev/hot-reloader/pages/hot-reloader-pages.js:206
[ 1583114ms] [LOG] [Fast Refresh] done in 276ms @ webpack-internal:///(pages-dir-browser)/./node_modules/next/dist/client/dev/report-hmr-latency.js:13
[ 1592657ms] [LOG] [Fast Refresh] rebuilding @ webpack-internal:///(pages-dir-browser)/./node_modules/next/dist/client/dev/hot-reloader/pages/hot-reloader-pages.js:206
[ 1733232ms] [LOG] [Fast Refresh] rebuilding @ webpack-internal:///(pages-dir-browser)/./node_modules/next/dist/client/dev/hot-reloader/pages/hot-reloader-pages.js:206
[ 1747476ms] [LOG] [Fast Refresh] rebuilding @ webpack-internal:///(pages-dir-browser)/./node_modules/next/dist/client/dev/hot-reloader/pages/hot-reloader-pages.js:206
[ 1747622ms] [LOG] [Fast Refresh] done in 145ms @ webpack-internal:///(pages-dir-browser)/./node_modules/next/dist/client/dev/report-hmr-latency.js:13
[ 1767064ms] [LOG] [Fast Refresh] rebuilding @ webpack-internal:///(pages-dir-browser)/./node_modules/next/dist/client/dev/hot-reloader/pages/hot-reloader-pages.js:206
[ 1767150ms] [LOG] [Fast Refresh] done in 86ms @ webpack-internal:///(pages-dir-browser)/./node_modules/next/dist/client/dev/report-hmr-latency.js:13
[ 1773653ms] [LOG] [Fast Refresh] rebuilding @ webpack-internal:///(pages-dir-browser)/./node_modules/next/dist/client/dev/hot-reloader/pages/hot-reloader-pages.js:206
[ 1773764ms] [LOG] [Fast Refresh] done in 110ms @ webpack-internal:///(pages-dir-browser)/./node_modules/next/dist/client/dev/report-hmr-latency.js:13
[ 1773883ms] [LOG] [Fast Refresh] rebuilding @ webpack-internal:///(pages-dir-browser)/./node_modules/next/dist/client/dev/hot-reloader/pages/hot-reloader-pages.js:206
[ 1773924ms] [LOG] [Fast Refresh] done in 40ms @ webpack-internal:///(pages-dir-browser)/./node_modules/next/dist/client/dev/report-hmr-latency.js:13
[ 1774341ms] [ERROR] Failed to load resource: the server responded with a status of 500 (Internal Server Error) @ http://localhost:3000/api/subjects/98ffe019-3382-45d7-9f6e-0f1b2ff2a2de:0
[ 1792292ms] [INFO] %cDownload the React DevTools for a better development experience: https://react.dev/link/react-devtools font-weight:bold @ webpack-internal:///(pages-dir-browser)/./node_modules/react-dom/cjs/react-dom-client.development.js:28004
[ 1792355ms] [LOG] [HMR] connected @ webpack-internal:///(pages-dir-browser)/./node_modules/next/dist/client/dev/hot-reloader/pages/websocket.js:45
[ 1797461ms] [LOG] [Fast Refresh] rebuilding @ webpack-internal:///(pages-dir-browser)/./node_modules/next/dist/client/dev/hot-reloader/pages/hot-reloader-pages.js:206
[ 1797553ms] [LOG] [Fast Refresh] done in 93ms @ webpack-internal:///(pages-dir-browser)/./node_modules/next/dist/client/dev/report-hmr-latency.js:13
[ 1961011ms] [LOG] [Fast Refresh] rebuilding @ webpack-internal:///(pages-dir-browser)/./node_modules/next/dist/client/dev/hot-reloader/pages/hot-reloader-pages.js:206
[ 1961249ms] [LOG] [Fast Refresh] done in 239ms @ webpack-internal:///(pages-dir-browser)/./node_modules/next/dist/client/dev/report-hmr-latency.js:13
[ 1970270ms] [LOG] [Fast Refresh] rebuilding @ webpack-internal:///(pages-dir-browser)/./node_modules/next/dist/client/dev/hot-reloader/pages/hot-reloader-pages.js:206
[ 1970406ms] [LOG] [Fast Refresh] done in 135ms @ webpack-internal:///(pages-dir-browser)/./node_modules/next/dist/client/dev/report-hmr-latency.js:13
[ 1977858ms] [LOG] [Fast Refresh] rebuilding @ webpack-internal:///(pages-dir-browser)/./node_modules/next/dist/client/dev/hot-reloader/pages/hot-reloader-pages.js:206
[ 1977976ms] [LOG] [Fast Refresh] done in 117ms @ webpack-internal:///(pages-dir-browser)/./node_modules/next/dist/client/dev/report-hmr-latency.js:13
[ 5501899ms] [LOG] [Fast Refresh] rebuilding @ webpack-internal:///(pages-dir-browser)/./node_modules/next/dist/client/dev/hot-reloader/pages/hot-reloader-pages.js:206
[ 5518100ms] [LOG] [Fast Refresh] rebuilding @ webpack-internal:///(pages-dir-browser)/./node_modules/next/dist/client/dev/hot-reloader/pages/hot-reloader-pages.js:206
[ 6054167ms] [LOG] [Fast Refresh] rebuilding @ webpack-internal:///(pages-dir-browser)/./node_modules/next/dist/client/dev/hot-reloader/pages/hot-reloader-pages.js:206
[ 6062954ms] [LOG] [Fast Refresh] rebuilding @ webpack-internal:///(pages-dir-browser)/./node_modules/next/dist/client/dev/hot-reloader/pages/hot-reloader-pages.js:206
[ 6063055ms] [LOG] [Fast Refresh] rebuilding @ webpack-internal:///(pages-dir-browser)/./node_modules/next/dist/client/dev/hot-reloader/pages/hot-reloader-pages.js:206
[ 6088109ms] [LOG] [Fast Refresh] rebuilding @ webpack-internal:///(pages-dir-browser)/./node_modules/next/dist/client/dev/hot-reloader/pages/hot-reloader-pages.js:206
[ 6102298ms] [LOG] [Fast Refresh] rebuilding @ webpack-internal:///(pages-dir-browser)/./node_modules/next/dist/client/dev/hot-reloader/pages/hot-reloader-pages.js:206
[ 6124684ms] [LOG] [Fast Refresh] rebuilding @ webpack-internal:///(pages-dir-browser)/./node_modules/next/dist/client/dev/hot-reloader/pages/hot-reloader-pages.js:206
[ 6132887ms] [LOG] [Fast Refresh] rebuilding @ webpack-internal:///(pages-dir-browser)/./node_modules/next/dist/client/dev/hot-reloader/pages/hot-reloader-pages.js:206
[ 6137660ms] [LOG] [Fast Refresh] rebuilding @ webpack-internal:///(pages-dir-browser)/./node_modules/next/dist/client/dev/hot-reloader/pages/hot-reloader-pages.js:206
[ 6554565ms] [LOG] [Fast Refresh] rebuilding @ webpack-internal:///(pages-dir-browser)/./node_modules/next/dist/client/dev/hot-reloader/pages/hot-reloader-pages.js:206
[ 6569533ms] [LOG] [Fast Refresh] rebuilding @ webpack-internal:///(pages-dir-browser)/./node_modules/next/dist/client/dev/hot-reloader/pages/hot-reloader-pages.js:206
[ 7769362ms] [LOG] [HMR] connected @ webpack-internal:///(pages-dir-browser)/./node_modules/next/dist/client/dev/hot-reloader/pages/websocket.js:45
[ 8504133ms] [LOG] [HMR] connected @ webpack-internal:///(pages-dir-browser)/./node_modules/next/dist/client/dev/hot-reloader/pages/websocket.js:45
[15036942ms] [LOG] [HMR] connected @ webpack-internal:///(pages-dir-browser)/./node_modules/next/dist/client/dev/hot-reloader/pages/websocket.js:45
[21581456ms] [LOG] [HMR] connected @ webpack-internal:///(pages-dir-browser)/./node_modules/next/dist/client/dev/hot-reloader/pages/websocket.js:45
[22619435ms] [LOG] [HMR] connected @ webpack-internal:///(pages-dir-browser)/./node_modules/next/dist/client/dev/hot-reloader/pages/websocket.js:45
[23766592ms] [LOG] [HMR] connected @ webpack-internal:///(pages-dir-browser)/./node_modules/next/dist/client/dev/hot-reloader/pages/websocket.js:45
[23934923ms] [LOG] [HMR] connected @ webpack-internal:///(pages-dir-browser)/./node_modules/next/dist/client/dev/hot-reloader/pages/websocket.js:45
[25268781ms] [LOG] [HMR] connected @ webpack-internal:///(pages-dir-browser)/./node_modules/next/dist/client/dev/hot-reloader/pages/websocket.js:45
[25512204ms] [LOG] [HMR] connected @ webpack-internal:///(pages-dir-browser)/./node_modules/next/dist/client/dev/hot-reloader/pages/websocket.js:45
[29015381ms] [LOG] [HMR] connected @ webpack-internal:///(pages-dir-browser)/./node_modules/next/dist/client/dev/hot-reloader/pages/websocket.js:45
[29589607ms] [LOG] [HMR] connected @ webpack-internal:///(pages-dir-browser)/./node_modules/next/dist/client/dev/hot-reloader/pages/websocket.js:45
[65750896ms] [LOG] [HMR] connected @ webpack-internal:///(pages-dir-browser)/./node_modules/next/dist/client/dev/hot-reloader/pages/websocket.js:45
[66342953ms] [LOG] [HMR] connected @ webpack-internal:///(pages-dir-browser)/./node_modules/next/dist/client/dev/hot-reloader/pages/websocket.js:45
[67715930ms] [LOG] [HMR] connected @ webpack-internal:///(pages-dir-browser)/./node_modules/next/dist/client/dev/hot-reloader/pages/websocket.js:45
[68677700ms] [LOG] [HMR] connected @ webpack-internal:///(pages-dir-browser)/./node_modules/next/dist/client/dev/hot-reloader/pages/websocket.js:45
[69780398ms] [ERROR] Failed to load resource: net::ERR_INTERNET_DISCONNECTED @ https://idnvzdfgkvmakpjuawjs.supabase.co/auth/v1/token?grant_type=refresh_token:0
[69780414ms] [ERROR] TypeError: Failed to fetch
    at eval (webpack-internal:///(pages-dir-browser)/./node_modules/@supabase/auth-js/dist/module/lib/helpers.js:120:25)
    at _handleRequest (webpack-internal:///(pages-dir-browser)/./node_modules/@supabase/auth-js/dist/module/lib/fetch.js:109:24)
    at _request (webpack-internal:///(pages-dir-browser)/./node_modules/@supabase/auth-js/dist/module/lib/fetch.js:99:24)
    at eval (webpack-internal:///(pages-dir-browser)/./node_modules/@supabase/auth-js/dist/module/GoTrueClient.js:3754:82)
    at eval (webpack-internal:///(pages-dir-browser)/./node_modules/@supabase/auth-js/dist/module/lib/helpers.js:210:42)
    at eval (webpack-internal:///(pages-dir-browser)/./node_modules/@supabase/auth-js/dist/module/lib/helpers.js:223:11)
    at new Promise (<anonymous>)
    at retryable (webpack-internal:///(pages-dir-browser)/./node_modules/@supabase/auth-js/dist/module/lib/helpers.js:204:21)
    at SupabaseAuthClient._refreshAccessToken (webpack-internal:///(pages-dir-browser)/./node_modules/@supabase/auth-js/dist/module/GoTrueClient.js:3749:81)
    at SupabaseAuthClient._callRefreshToken (webpack-internal:///(pages-dir-browser)/./node_modules/@supabase/auth-js/dist/module/GoTrueClient.js:3907:48)
    at SupabaseAuthClient.__loadSession (webpack-internal:///(pages-dir-browser)/./node_modules/@supabase/auth-js/dist/module/GoTrueClient.js:2382:57)
    at async SupabaseAuthClient._useSession (webpack-internal:///(pages-dir-browser)/./node_modules/@supabase/auth-js/dist/module/GoTrueClient.js:2316:28)
    at async eval (webpack-internal:///(pages-dir-browser)/./node_modules/@supabase/auth-js/dist/module/GoTrueClient.js:4186:32) @ webpack-internal:///(pages-dir-browser)/./node_modules/next/dist/next-devtools/userspace/pages/pages-dev-overlay-setup.js:76
[69780630ms] [ERROR] Failed to load resource: net::ERR_INTERNET_DISCONNECTED @ https://idnvzdfgkvmakpjuawjs.supabase.co/auth/v1/token?grant_type=refresh_token:0
[69780632ms] [ERROR] TypeError: Failed to fetch
    at eval (webpack-internal:///(pages-dir-browser)/./node_modules/@supabase/auth-js/dist/module/lib/helpers.js:120:25)
    at _handleRequest (webpack-internal:///(pages-dir-browser)/./node_modules/@supabase/auth-js/dist/module/lib/fetch.js:109:24)
    at _request (webpack-internal:///(pages-dir-browser)/./node_modules/@supabase/auth-js/dist/module/lib/fetch.js:99:24)
    at eval (webpack-internal:///(pages-dir-browser)/./node_modules/@supabase/auth-js/dist/module/GoTrueClient.js:3754:82)
    at async eval (webpack-internal:///(pages-dir-browser)/./node_modules/@supabase/auth-js/dist/module/lib/helpers.js:210:36) @ webpack-internal:///(pages-dir-browser)/./node_modules/next/dist/next-devtools/userspace/pages/pages-dev-overlay-setup.js:76
[69781043ms] [ERROR] Failed to load resource: net::ERR_INTERNET_DISCONNECTED @ https://idnvzdfgkvmakpjuawjs.supabase.co/auth/v1/token?grant_type=refresh_token:0
[69781043ms] [ERROR] TypeError: Failed to fetch
    at eval (webpack-internal:///(pages-dir-browser)/./node_modules/@supabase/auth-js/dist/module/lib/helpers.js:120:25)
    at _handleRequest (webpack-internal:///(pages-dir-browser)/./node_modules/@supabase/auth-js/dist/module/lib/fetch.js:109:24)
    at _request (webpack-internal:///(pages-dir-browser)/./node_modules/@supabase/auth-js/dist/module/lib/fetch.js:99:24)
    at eval (webpack-internal:///(pages-dir-browser)/./node_modules/@supabase/auth-js/dist/module/GoTrueClient.js:3754:82)
    at async eval (webpack-internal:///(pages-dir-browser)/./node_modules/@supabase/auth-js/dist/module/lib/helpers.js:210:36) @ webpack-internal:///(pages-dir-browser)/./node_modules/next/dist/next-devtools/userspace/pages/pages-dev-overlay-setup.js:76
[69781854ms] [ERROR] Failed to load resource: net::ERR_INTERNET_DISCONNECTED @ https://idnvzdfgkvmakpjuawjs.supabase.co/auth/v1/token?grant_type=refresh_token:0
[69781854ms] [ERROR] TypeError: Failed to fetch
    at eval (webpack-internal:///(pages-dir-browser)/./node_modules/@supabase/auth-js/dist/module/lib/helpers.js:120:25)
    at _handleRequest (webpack-internal:///(pages-dir-browser)/./node_modules/@supabase/auth-js/dist/module/lib/fetch.js:109:24)
    at _request (webpack-internal:///(pages-dir-browser)/./node_modules/@supabase/auth-js/dist/module/lib/fetch.js:99:24)
    at eval (webpack-internal:///(pages-dir-browser)/./node_modules/@supabase/auth-js/dist/module/GoTrueClient.js:3754:82)
    at async eval (webpack-internal:///(pages-dir-browser)/./node_modules/@supabase/auth-js/dist/module/lib/helpers.js:210:36) @ webpack-internal:///(pages-dir-browser)/./node_modules/next/dist/next-devtools/userspace/pages/pages-dev-overlay-setup.js:76
[69783462ms] [ERROR] Failed to load resource: net::ERR_INTERNET_DISCONNECTED @ https://idnvzdfgkvmakpjuawjs.supabase.co/auth/v1/token?grant_type=refresh_token:0
[69783462ms] [ERROR] TypeError: Failed to fetch
    at eval (webpack-internal:///(pages-dir-browser)/./node_modules/@supabase/auth-js/dist/module/lib/helpers.js:120:25)
    at _handleRequest (webpack-internal:///(pages-dir-browser)/./node_modules/@supabase/auth-js/dist/module/lib/fetch.js:109:24)
    at _request (webpack-internal:///(pages-dir-browser)/./node_modules/@supabase/auth-js/dist/module/lib/fetch.js:99:24)
    at eval (webpack-internal:///(pages-dir-browser)/./node_modules/@supabase/auth-js/dist/module/GoTrueClient.js:3754:82)
    at async eval (webpack-internal:///(pages-dir-browser)/./node_modules/@supabase/auth-js/dist/module/lib/helpers.js:210:36) @ webpack-internal:///(pages-dir-browser)/./node_modules/next/dist/next-devtools/userspace/pages/pages-dev-overlay-setup.js:76
[69786670ms] [ERROR] Failed to load resource: net::ERR_INTERNET_DISCONNECTED @ https://idnvzdfgkvmakpjuawjs.supabase.co/auth/v1/token?grant_type=refresh_token:0
[69786670ms] [ERROR] TypeError: Failed to fetch
    at eval (webpack-internal:///(pages-dir-browser)/./node_modules/@supabase/auth-js/dist/module/lib/helpers.js:120:25)
    at _handleRequest (webpack-internal:///(pages-dir-browser)/./node_modules/@supabase/auth-js/dist/module/lib/fetch.js:109:24)
    at _request (webpack-internal:///(pages-dir-browser)/./node_modules/@supabase/auth-js/dist/module/lib/fetch.js:99:24)
    at eval (webpack-internal:///(pages-dir-browser)/./node_modules/@supabase/auth-js/dist/module/GoTrueClient.js:3754:82)
    at async eval (webpack-internal:///(pages-dir-browser)/./node_modules/@supabase/auth-js/dist/module/lib/helpers.js:210:36) @ webpack-internal:///(pages-dir-browser)/./node_modules/next/dist/next-devtools/userspace/pages/pages-dev-overlay-setup.js:76
[69793077ms] [ERROR] Failed to load resource: net::ERR_INTERNET_DISCONNECTED @ https://idnvzdfgkvmakpjuawjs.supabase.co/auth/v1/token?grant_type=refresh_token:0
[69793078ms] [ERROR] TypeError: Failed to fetch
    at eval (webpack-internal:///(pages-dir-browser)/./node_modules/@supabase/auth-js/dist/module/lib/helpers.js:120:25)
    at _handleRequest (webpack-internal:///(pages-dir-browser)/./node_modules/@supabase/auth-js/dist/module/lib/fetch.js:109:24)
    at _request (webpack-internal:///(pages-dir-browser)/./node_modules/@supabase/auth-js/dist/module/lib/fetch.js:99:24)
    at eval (webpack-internal:///(pages-dir-browser)/./node_modules/@supabase/auth-js/dist/module/GoTrueClient.js:3754:82)
    at async eval (webpack-internal:///(pages-dir-browser)/./node_modules/@supabase/auth-js/dist/module/lib/helpers.js:210:36) @ webpack-internal:///(pages-dir-browser)/./node_modules/next/dist/next-devtools/userspace/pages/pages-dev-overlay-setup.js:76
[69805893ms] [ERROR] Failed to load resource: net::ERR_INTERNET_DISCONNECTED @ https://idnvzdfgkvmakpjuawjs.supabase.co/auth/v1/token?grant_type=refresh_token:0
[69805894ms] [ERROR] TypeError: Failed to fetch
    at eval (webpack-internal:///(pages-dir-browser)/./node_modules/@supabase/auth-js/dist/module/lib/helpers.js:120:25)
    at _handleRequest (webpack-internal:///(pages-dir-browser)/./node_modules/@supabase/auth-js/dist/module/lib/fetch.js:109:24)
    at _request (webpack-internal:///(pages-dir-browser)/./node_modules/@supabase/auth-js/dist/module/lib/fetch.js:99:24)
    at eval (webpack-internal:///(pages-dir-browser)/./node_modules/@supabase/auth-js/dist/module/GoTrueClient.js:3754:82)
    at async eval (webpack-internal:///(pages-dir-browser)/./node_modules/@supabase/auth-js/dist/module/lib/helpers.js:210:36) @ webpack-internal:///(pages-dir-browser)/./node_modules/next/dist/next-devtools/userspace/pages/pages-dev-overlay-setup.js:76
[70758113ms] [ERROR] Failed to load resource: net::ERR_INTERNET_DISCONNECTED @ https://idnvzdfgkvmakpjuawjs.supabase.co/auth/v1/token?grant_type=refresh_token:0
[70758113ms] [ERROR] TypeError: Failed to fetch
    at eval (webpack-internal:///(pages-dir-browser)/./node_modules/@supabase/auth-js/dist/module/lib/helpers.js:120:25)
    at _handleRequest (webpack-internal:///(pages-dir-browser)/./node_modules/@supabase/auth-js/dist/module/lib/fetch.js:109:24)
    at _request (webpack-internal:///(pages-dir-browser)/./node_modules/@supabase/auth-js/dist/module/lib/fetch.js:99:24)
    at eval (webpack-internal:///(pages-dir-browser)/./node_modules/@supabase/auth-js/dist/module/GoTrueClient.js:3754:82)
    at eval (webpack-internal:///(pages-dir-browser)/./node_modules/@supabase/auth-js/dist/module/lib/helpers.js:210:42)
    at eval (webpack-internal:///(pages-dir-browser)/./node_modules/@supabase/auth-js/dist/module/lib/helpers.js:223:11)
    at new Promise (<anonymous>)
    at retryable (webpack-internal:///(pages-dir-browser)/./node_modules/@supabase/auth-js/dist/module/lib/helpers.js:204:21)
    at SupabaseAuthClient._refreshAccessToken (webpack-internal:///(pages-dir-browser)/./node_modules/@supabase/auth-js/dist/module/GoTrueClient.js:3749:81)
    at SupabaseAuthClient._callRefreshToken (webpack-internal:///(pages-dir-browser)/./node_modules/@supabase/auth-js/dist/module/GoTrueClient.js:3907:48)
    at SupabaseAuthClient.__loadSession (webpack-internal:///(pages-dir-browser)/./node_modules/@supabase/auth-js/dist/module/GoTrueClient.js:2382:57)
    at async SupabaseAuthClient._useSession (webpack-internal:///(pages-dir-browser)/./node_modules/@supabase/auth-js/dist/module/GoTrueClient.js:2316:28)
    at async eval (webpack-internal:///(pages-dir-browser)/./node_modules/@supabase/auth-js/dist/module/GoTrueClient.js:4186:32) @ webpack-internal:///(pages-dir-browser)/./node_modules/next/dist/next-devtools/userspace/pages/pages-dev-overlay-setup.js:76
[70758319ms] [ERROR] Failed to load resource: net::ERR_INTERNET_DISCONNECTED @ https://idnvzdfgkvmakpjuawjs.supabase.co/auth/v1/token?grant_type=refresh_token:0
[70758319ms] [ERROR] TypeError: Failed to fetch
    at eval (webpack-internal:///(pages-dir-browser)/./node_modules/@supabase/auth-js/dist/module/lib/helpers.js:120:25)
    at _handleRequest (webpack-internal:///(pages-dir-browser)/./node_modules/@supabase/auth-js/dist/module/lib/fetch.js:109:24)
    at _request (webpack-internal:///(pages-dir-browser)/./node_modules/@supabase/auth-js/dist/module/lib/fetch.js:99:24)
    at eval (webpack-internal:///(pages-dir-browser)/./node_modules/@supabase/auth-js/dist/module/GoTrueClient.js:3754:82)
    at async eval (webpack-internal:///(pages-dir-browser)/./node_modules/@supabase/auth-js/dist/module/lib/helpers.js:210:36) @ webpack-internal:///(pages-dir-browser)/./node_modules/next/dist/next-devtools/userspace/pages/pages-dev-overlay-setup.js:76
[70758725ms] [ERROR] Failed to load resource: net::ERR_INTERNET_DISCONNECTED @ https://idnvzdfgkvmakpjuawjs.supabase.co/auth/v1/token?grant_type=refresh_token:0
[70758725ms] [ERROR] TypeError: Failed to fetch
    at eval (webpack-internal:///(pages-dir-browser)/./node_modules/@supabase/auth-js/dist/module/lib/helpers.js:120:25)
    at _handleRequest (webpack-internal:///(pages-dir-browser)/./node_modules/@supabase/auth-js/dist/module/lib/fetch.js:109:24)
    at _request (webpack-internal:///(pages-dir-browser)/./node_modules/@supabase/auth-js/dist/module/lib/fetch.js:99:24)
    at eval (webpack-internal:///(pages-dir-browser)/./node_modules/@supabase/auth-js/dist/module/GoTrueClient.js:3754:82)
    at async eval (webpack-internal:///(pages-dir-browser)/./node_modules/@supabase/auth-js/dist/module/lib/helpers.js:210:36) @ webpack-internal:///(pages-dir-browser)/./node_modules/next/dist/next-devtools/userspace/pages/pages-dev-overlay-setup.js:76
[70759533ms] [ERROR] Failed to load resource: net::ERR_INTERNET_DISCONNECTED @ https://idnvzdfgkvmakpjuawjs.supabase.co/auth/v1/token?grant_type=refresh_token:0
[70759533ms] [ERROR] TypeError: Failed to fetch
    at eval (webpack-internal:///(pages-dir-browser)/./node_modules/@supabase/auth-js/dist/module/lib/helpers.js:120:25)
    at _handleRequest (webpack-internal:///(pages-dir-browser)/./node_modules/@supabase/auth-js/dist/module/lib/fetch.js:109:24)
    at _request (webpack-internal:///(pages-dir-browser)/./node_modules/@supabase/auth-js/dist/module/lib/fetch.js:99:24)
    at eval (webpack-internal:///(pages-dir-browser)/./node_modules/@supabase/auth-js/dist/module/GoTrueClient.js:3754:82)
    at async eval (webpack-internal:///(pages-dir-browser)/./node_modules/@supabase/auth-js/dist/module/lib/helpers.js:210:36) @ webpack-internal:///(pages-dir-browser)/./node_modules/next/dist/next-devtools/userspace/pages/pages-dev-overlay-setup.js:76
[70761140ms] [ERROR] Failed to load resource: net::ERR_INTERNET_DISCONNECTED @ https://idnvzdfgkvmakpjuawjs.supabase.co/auth/v1/token?grant_type=refresh_token:0
[70761140ms] [ERROR] TypeError: Failed to fetch
    at eval (webpack-internal:///(pages-dir-browser)/./node_modules/@supabase/auth-js/dist/module/lib/helpers.js:120:25)
    at _handleRequest (webpack-internal:///(pages-dir-browser)/./node_modules/@supabase/auth-js/dist/module/lib/fetch.js:109:24)
    at _request (webpack-internal:///(pages-dir-browser)/./node_modules/@supabase/auth-js/dist/module/lib/fetch.js:99:24)
    at eval (webpack-internal:///(pages-dir-browser)/./node_modules/@supabase/auth-js/dist/module/GoTrueClient.js:3754:82)
    at async eval (webpack-internal:///(pages-dir-browser)/./node_modules/@supabase/auth-js/dist/module/lib/helpers.js:210:36) @ webpack-internal:///(pages-dir-browser)/./node_modules/next/dist/next-devtools/userspace/pages/pages-dev-overlay-setup.js:76
[70764346ms] [ERROR] Failed to load resource: net::ERR_INTERNET_DISCONNECTED @ https://idnvzdfgkvmakpjuawjs.supabase.co/auth/v1/token?grant_type=refresh_token:0
[70764346ms] [ERROR] TypeError: Failed to fetch
    at eval (webpack-internal:///(pages-dir-browser)/./node_modules/@supabase/auth-js/dist/module/lib/helpers.js:120:25)
    at _handleRequest (webpack-internal:///(pages-dir-browser)/./node_modules/@supabase/auth-js/dist/module/lib/fetch.js:109:24)
    at _request (webpack-internal:///(pages-dir-browser)/./node_modules/@supabase/auth-js/dist/module/lib/fetch.js:99:24)
    at eval (webpack-internal:///(pages-dir-browser)/./node_modules/@supabase/auth-js/dist/module/GoTrueClient.js:3754:82)
    at async eval (webpack-internal:///(pages-dir-browser)/./node_modules/@supabase/auth-js/dist/module/lib/helpers.js:210:36) @ webpack-internal:///(pages-dir-browser)/./node_modules/next/dist/next-devtools/userspace/pages/pages-dev-overlay-setup.js:76
[70770755ms] [ERROR] Failed to load resource: net::ERR_INTERNET_DISCONNECTED @ https://idnvzdfgkvmakpjuawjs.supabase.co/auth/v1/token?grant_type=refresh_token:0
[70770755ms] [ERROR] TypeError: Failed to fetch
    at eval (webpack-internal:///(pages-dir-browser)/./node_modules/@supabase/auth-js/dist/module/lib/helpers.js:120:25)
    at _handleRequest (webpack-internal:///(pages-dir-browser)/./node_modules/@supabase/auth-js/dist/module/lib/fetch.js:109:24)
    at _request (webpack-internal:///(pages-dir-browser)/./node_modules/@supabase/auth-js/dist/module/lib/fetch.js:99:24)
    at eval (webpack-internal:///(pages-dir-browser)/./node_modules/@supabase/auth-js/dist/module/GoTrueClient.js:3754:82)
    at async eval (webpack-internal:///(pages-dir-browser)/./node_modules/@supabase/auth-js/dist/module/lib/helpers.js:210:36) @ webpack-internal:///(pages-dir-browser)/./node_modules/next/dist/next-devtools/userspace/pages/pages-dev-overlay-setup.js:76
[70783562ms] [ERROR] Failed to load resource: net::ERR_INTERNET_DISCONNECTED @ https://idnvzdfgkvmakpjuawjs.supabase.co/auth/v1/token?grant_type=refresh_token:0
[70783563ms] [ERROR] TypeError: Failed to fetch
    at eval (webpack-internal:///(pages-dir-browser)/./node_modules/@supabase/auth-js/dist/module/lib/helpers.js:120:25)
    at _handleRequest (webpack-internal:///(pages-dir-browser)/./node_modules/@supabase/auth-js/dist/module/lib/fetch.js:109:24)
    at _request (webpack-internal:///(pages-dir-browser)/./node_modules/@supabase/auth-js/dist/module/lib/fetch.js:99:24)
    at eval (webpack-internal:///(pages-dir-browser)/./node_modules/@supabase/auth-js/dist/module/GoTrueClient.js:3754:82)
    at async eval (webpack-internal:///(pages-dir-browser)/./node_modules/@supabase/auth-js/dist/module/lib/helpers.js:210:36) @ webpack-internal:///(pages-dir-browser)/./node_modules/next/dist/next-devtools/userspace/pages/pages-dev-overlay-setup.js:76
[70788115ms] [ERROR] Failed to load resource: net::ERR_INTERNET_DISCONNECTED @ https://idnvzdfgkvmakpjuawjs.supabase.co/auth/v1/token?grant_type=refresh_token:0
[70788115ms] [ERROR] TypeError: Failed to fetch
    at eval (webpack-internal:///(pages-dir-browser)/./node_modules/@supabase/auth-js/dist/module/lib/helpers.js:120:25)
    at _handleRequest (webpack-internal:///(pages-dir-browser)/./node_modules/@supabase/auth-js/dist/module/lib/fetch.js:109:24)
    at _request (webpack-internal:///(pages-dir-browser)/./node_modules/@supabase/auth-js/dist/module/lib/fetch.js:99:24)
    at eval (webpack-internal:///(pages-dir-browser)/./node_modules/@supabase/auth-js/dist/module/GoTrueClient.js:3754:82)
    at eval (webpack-internal:///(pages-dir-browser)/./node_modules/@supabase/auth-js/dist/module/lib/helpers.js:210:42)
    at eval (webpack-internal:///(pages-dir-browser)/./node_modules/@supabase/auth-js/dist/module/lib/helpers.js:223:11)
    at new Promise (<anonymous>)
    at retryable (webpack-internal:///(pages-dir-browser)/./node_modules/@supabase/auth-js/dist/module/lib/helpers.js:204:21)
    at SupabaseAuthClient._refreshAccessToken (webpack-internal:///(pages-dir-browser)/./node_modules/@supabase/auth-js/dist/module/GoTrueClient.js:3749:81)
    at SupabaseAuthClient._callRefreshToken (webpack-internal:///(pages-dir-browser)/./node_modules/@supabase/auth-js/dist/module/GoTrueClient.js:3907:48)
    at SupabaseAuthClient.__loadSession (webpack-internal:///(pages-dir-browser)/./node_modules/@supabase/auth-js/dist/module/GoTrueClient.js:2382:57)
    at async SupabaseAuthClient._useSession (webpack-internal:///(pages-dir-browser)/./node_modules/@supabase/auth-js/dist/module/GoTrueClient.js:2316:28)
    at async eval (webpack-internal:///(pages-dir-browser)/./node_modules/@supabase/auth-js/dist/module/GoTrueClient.js:4186:32) @ webpack-internal:///(pages-dir-browser)/./node_modules/next/dist/next-devtools/userspace/pages/pages-dev-overlay-setup.js:76
[70788322ms] [ERROR] Failed to load resource: net::ERR_INTERNET_DISCONNECTED @ https://idnvzdfgkvmakpjuawjs.supabase.co/auth/v1/token?grant_type=refresh_token:0
[70788322ms] [ERROR] TypeError: Failed to fetch
    at eval (webpack-internal:///(pages-dir-browser)/./node_modules/@supabase/auth-js/dist/module/lib/helpers.js:120:25)
    at _handleRequest (webpack-internal:///(pages-dir-browser)/./node_modules/@supabase/auth-js/dist/module/lib/fetch.js:109:24)
    at _request (webpack-internal:///(pages-dir-browser)/./node_modules/@supabase/auth-js/dist/module/lib/fetch.js:99:24)
    at eval (webpack-internal:///(pages-dir-browser)/./node_modules/@supabase/auth-js/dist/module/GoTrueClient.js:3754:82)
    at async eval (webpack-internal:///(pages-dir-browser)/./node_modules/@supabase/auth-js/dist/module/lib/helpers.js:210:36) @ webpack-internal:///(pages-dir-browser)/./node_modules/next/dist/next-devtools/userspace/pages/pages-dev-overlay-setup.js:76
[70788729ms] [ERROR] Failed to load resource: net::ERR_INTERNET_DISCONNECTED @ https://idnvzdfgkvmakpjuawjs.supabase.co/auth/v1/token?grant_type=refresh_token:0
[70788729ms] [ERROR] TypeError: Failed to fetch
    at eval (webpack-internal:///(pages-dir-browser)/./node_modules/@supabase/auth-js/dist/module/lib/helpers.js:120:25)
    at _handleRequest (webpack-internal:///(pages-dir-browser)/./node_modules/@supabase/auth-js/dist/module/lib/fetch.js:109:24)
    at _request (webpack-internal:///(pages-dir-browser)/./node_modules/@supabase/auth-js/dist/module/lib/fetch.js:99:24)
    at eval (webpack-internal:///(pages-dir-browser)/./node_modules/@supabase/auth-js/dist/module/GoTrueClient.js:3754:82)
    at async eval (webpack-internal:///(pages-dir-browser)/./node_modules/@supabase/auth-js/dist/module/lib/helpers.js:210:36) @ webpack-internal:///(pages-dir-browser)/./node_modules/next/dist/next-devtools/userspace/pages/pages-dev-overlay-setup.js:76
[70789535ms] [ERROR] Failed to load resource: net::ERR_INTERNET_DISCONNECTED @ https://idnvzdfgkvmakpjuawjs.supabase.co/auth/v1/token?grant_type=refresh_token:0
[70789535ms] [ERROR] TypeError: Failed to fetch
    at eval (webpack-internal:///(pages-dir-browser)/./node_modules/@supabase/auth-js/dist/module/lib/helpers.js:120:25)
    at _handleRequest (webpack-internal:///(pages-dir-browser)/./node_modules/@supabase/auth-js/dist/module/lib/fetch.js:109:24)
    at _request (webpack-internal:///(pages-dir-browser)/./node_modules/@supabase/auth-js/dist/module/lib/fetch.js:99:24)
    at eval (webpack-internal:///(pages-dir-browser)/./node_modules/@supabase/auth-js/dist/module/GoTrueClient.js:3754:82)
    at async eval (webpack-internal:///(pages-dir-browser)/./node_modules/@supabase/auth-js/dist/module/lib/helpers.js:210:36) @ webpack-internal:///(pages-dir-browser)/./node_modules/next/dist/next-devtools/userspace/pages/pages-dev-overlay-setup.js:76
[70791144ms] [ERROR] Failed to load resource: net::ERR_INTERNET_DISCONNECTED @ https://idnvzdfgkvmakpjuawjs.supabase.co/auth/v1/token?grant_type=refresh_token:0
[70791145ms] [ERROR] TypeError: Failed to fetch
    at eval (webpack-internal:///(pages-dir-browser)/./node_modules/@supabase/auth-js/dist/module/lib/helpers.js:120:25)
    at _handleRequest (webpack-internal:///(pages-dir-browser)/./node_modules/@supabase/auth-js/dist/module/lib/fetch.js:109:24)
    at _request (webpack-internal:///(pages-dir-browser)/./node_modules/@supabase/auth-js/dist/module/lib/fetch.js:99:24)
    at eval (webpack-internal:///(pages-dir-browser)/./node_modules/@supabase/auth-js/dist/module/GoTrueClient.js:3754:82)
    at async eval (webpack-internal:///(pages-dir-browser)/./node_modules/@supabase/auth-js/dist/module/lib/helpers.js:210:36) @ webpack-internal:///(pages-dir-browser)/./node_modules/next/dist/next-devtools/userspace/pages/pages-dev-overlay-setup.js:76
[70794355ms] [ERROR] Failed to load resource: net::ERR_INTERNET_DISCONNECTED @ https://idnvzdfgkvmakpjuawjs.supabase.co/auth/v1/token?grant_type=refresh_token:0
[70794356ms] [ERROR] TypeError: Failed to fetch
    at eval (webpack-internal:///(pages-dir-browser)/./node_modules/@supabase/auth-js/dist/module/lib/helpers.js:120:25)
    at _handleRequest (webpack-internal:///(pages-dir-browser)/./node_modules/@supabase/auth-js/dist/module/lib/fetch.js:109:24)
    at _request (webpack-internal:///(pages-dir-browser)/./node_modules/@supabase/auth-js/dist/module/lib/fetch.js:99:24)
    at eval (webpack-internal:///(pages-dir-browser)/./node_modules/@supabase/auth-js/dist/module/GoTrueClient.js:3754:82)
    at async eval (webpack-internal:///(pages-dir-browser)/./node_modules/@supabase/auth-js/dist/module/lib/helpers.js:210:36) @ webpack-internal:///(pages-dir-browser)/./node_modules/next/dist/next-devtools/userspace/pages/pages-dev-overlay-setup.js:76
[70800767ms] [ERROR] Failed to load resource: net::ERR_INTERNET_DISCONNECTED @ https://idnvzdfgkvmakpjuawjs.supabase.co/auth/v1/token?grant_type=refresh_token:0
[70800767ms] [ERROR] TypeError: Failed to fetch
    at eval (webpack-internal:///(pages-dir-browser)/./node_modules/@supabase/auth-js/dist/module/lib/helpers.js:120:25)
    at _handleRequest (webpack-internal:///(pages-dir-browser)/./node_modules/@supabase/auth-js/dist/module/lib/fetch.js:109:24)
    at _request (webpack-internal:///(pages-dir-browser)/./node_modules/@supabase/auth-js/dist/module/lib/fetch.js:99:24)
    at eval (webpack-internal:///(pages-dir-browser)/./node_modules/@supabase/auth-js/dist/module/GoTrueClient.js:3754:82)
    at async eval (webpack-internal:///(pages-dir-browser)/./node_modules/@supabase/auth-js/dist/module/lib/helpers.js:210:36) @ webpack-internal:///(pages-dir-browser)/./node_modules/next/dist/next-devtools/userspace/pages/pages-dev-overlay-setup.js:76
[70813575ms] [ERROR] Failed to load resource: net::ERR_INTERNET_DISCONNECTED @ https://idnvzdfgkvmakpjuawjs.supabase.co/auth/v1/token?grant_type=refresh_token:0
[70813575ms] [ERROR] TypeError: Failed to fetch
    at eval (webpack-internal:///(pages-dir-browser)/./node_modules/@supabase/auth-js/dist/module/lib/helpers.js:120:25)
    at _handleRequest (webpack-internal:///(pages-dir-browser)/./node_modules/@supabase/auth-js/dist/module/lib/fetch.js:109:24)
    at _request (webpack-internal:///(pages-dir-browser)/./node_modules/@supabase/auth-js/dist/module/lib/fetch.js:99:24)
    at eval (webpack-internal:///(pages-dir-browser)/./node_modules/@supabase/auth-js/dist/module/GoTrueClient.js:3754:82)
    at async eval (webpack-internal:///(pages-dir-browser)/./node_modules/@supabase/auth-js/dist/module/lib/helpers.js:210:36) @ webpack-internal:///(pages-dir-browser)/./node_modules/next/dist/next-devtools/userspace/pages/pages-dev-overlay-setup.js:76
[70818115ms] [ERROR] Failed to load resource: net::ERR_INTERNET_DISCONNECTED @ https://idnvzdfgkvmakpjuawjs.supabase.co/auth/v1/token?grant_type=refresh_token:0
[70818115ms] [ERROR] TypeError: Failed to fetch
    at eval (webpack-internal:///(pages-dir-browser)/./node_modules/@supabase/auth-js/dist/module/lib/helpers.js:120:25)
    at _handleRequest (webpack-internal:///(pages-dir-browser)/./node_modules/@supabase/auth-js/dist/module/lib/fetch.js:109:24)
    at _request (webpack-internal:///(pages-dir-browser)/./node_modules/@supabase/auth-js/dist/module/lib/fetch.js:99:24)
    at eval (webpack-internal:///(pages-dir-browser)/./node_modules/@supabase/auth-js/dist/module/GoTrueClient.js:3754:82)
    at eval (webpack-internal:///(pages-dir-browser)/./node_modules/@supabase/auth-js/dist/module/lib/helpers.js:210:42)
    at eval (webpack-internal:///(pages-dir-browser)/./node_modules/@supabase/auth-js/dist/module/lib/helpers.js:223:11)
    at new Promise (<anonymous>)
    at retryable (webpack-internal:///(pages-dir-browser)/./node_modules/@supabase/auth-js/dist/module/lib/helpers.js:204:21)
    at SupabaseAuthClient._refreshAccessToken (webpack-internal:///(pages-dir-browser)/./node_modules/@supabase/auth-js/dist/module/GoTrueClient.js:3749:81)
    at SupabaseAuthClient._callRefreshToken (webpack-internal:///(pages-dir-browser)/./node_modules/@supabase/auth-js/dist/module/GoTrueClient.js:3907:48)
    at SupabaseAuthClient.__loadSession (webpack-internal:///(pages-dir-browser)/./node_modules/@supabase/auth-js/dist/module/GoTrueClient.js:2382:57)
    at async SupabaseAuthClient._useSession (webpack-internal:///(pages-dir-browser)/./node_modules/@supabase/auth-js/dist/module/GoTrueClient.js:2316:28)
    at async eval (webpack-internal:///(pages-dir-browser)/./node_modules/@supabase/auth-js/dist/module/GoTrueClient.js:4186:32) @ webpack-internal:///(pages-dir-browser)/./node_modules/next/dist/next-devtools/userspace/pages/pages-dev-overlay-setup.js:76
[70818324ms] [ERROR] Failed to load resource: net::ERR_INTERNET_DISCONNECTED @ https://idnvzdfgkvmakpjuawjs.supabase.co/auth/v1/token?grant_type=refresh_token:0
[70818324ms] [ERROR] TypeError: Failed to fetch
    at eval (webpack-internal:///(pages-dir-browser)/./node_modules/@supabase/auth-js/dist/module/lib/helpers.js:120:25)
    at _handleRequest (webpack-internal:///(pages-dir-browser)/./node_modules/@supabase/auth-js/dist/module/lib/fetch.js:109:24)
    at _request (webpack-internal:///(pages-dir-browser)/./node_modules/@supabase/auth-js/dist/module/lib/fetch.js:99:24)
    at eval (webpack-internal:///(pages-dir-browser)/./node_modules/@supabase/auth-js/dist/module/GoTrueClient.js:3754:82)
    at async eval (webpack-internal:///(pages-dir-browser)/./node_modules/@supabase/auth-js/dist/module/lib/helpers.js:210:36) @ webpack-internal:///(pages-dir-browser)/./node_modules/next/dist/next-devtools/userspace/pages/pages-dev-overlay-setup.js:76
[70818729ms] [ERROR] Failed to load resource: net::ERR_INTERNET_DISCONNECTED @ https://idnvzdfgkvmakpjuawjs.supabase.co/auth/v1/token?grant_type=refresh_token:0
[70818729ms] [ERROR] TypeError: Failed to fetch
    at eval (webpack-internal:///(pages-dir-browser)/./node_modules/@supabase/auth-js/dist/module/lib/helpers.js:120:25)
    at _handleRequest (webpack-internal:///(pages-dir-browser)/./node_modules/@supabase/auth-js/dist/module/lib/fetch.js:109:24)
    at _request (webpack-internal:///(pages-dir-browser)/./node_modules/@supabase/auth-js/dist/module/lib/fetch.js:99:24)
    at eval (webpack-internal:///(pages-dir-browser)/./node_modules/@supabase/auth-js/dist/module/GoTrueClient.js:3754:82)
    at async eval (webpack-internal:///(pages-dir-browser)/./node_modules/@supabase/auth-js/dist/module/lib/helpers.js:210:36) @ webpack-internal:///(pages-dir-browser)/./node_modules/next/dist/next-devtools/userspace/pages/pages-dev-overlay-setup.js:76
[70819537ms] [ERROR] Failed to load resource: net::ERR_INTERNET_DISCONNECTED @ https://idnvzdfgkvmakpjuawjs.supabase.co/auth/v1/token?grant_type=refresh_token:0
[70819537ms] [ERROR] TypeError: Failed to fetch
    at eval (webpack-internal:///(pages-dir-browser)/./node_modules/@supabase/auth-js/dist/module/lib/helpers.js:120:25)
    at _handleRequest (webpack-internal:///(pages-dir-browser)/./node_modules/@supabase/auth-js/dist/module/lib/fetch.js:109:24)
    at _request (webpack-internal:///(pages-dir-browser)/./node_modules/@supabase/auth-js/dist/module/lib/fetch.js:99:24)
    at eval (webpack-internal:///(pages-dir-browser)/./node_modules/@supabase/auth-js/dist/module/GoTrueClient.js:3754:82)
    at async eval (webpack-internal:///(pages-dir-browser)/./node_modules/@supabase/auth-js/dist/module/lib/helpers.js:210:36) @ webpack-internal:///(pages-dir-browser)/./node_modules/next/dist/next-devtools/userspace/pages/pages-dev-overlay-setup.js:76
[70821145ms] [ERROR] Failed to load resource: net::ERR_INTERNET_DISCONNECTED @ https://idnvzdfgkvmakpjuawjs.supabase.co/auth/v1/token?grant_type=refresh_token:0
[70821145ms] [ERROR] TypeError: Failed to fetch
    at eval (webpack-internal:///(pages-dir-browser)/./node_modules/@supabase/auth-js/dist/module/lib/helpers.js:120:25)
    at _handleRequest (webpack-internal:///(pages-dir-browser)/./node_modules/@supabase/auth-js/dist/module/lib/fetch.js:109:24)
    at _request (webpack-internal:///(pages-dir-browser)/./node_modules/@supabase/auth-js/dist/module/lib/fetch.js:99:24)
    at eval (webpack-internal:///(pages-dir-browser)/./node_modules/@supabase/auth-js/dist/module/GoTrueClient.js:3754:82)
    at async eval (webpack-internal:///(pages-dir-browser)/./node_modules/@supabase/auth-js/dist/module/lib/helpers.js:210:36) @ webpack-internal:///(pages-dir-browser)/./node_modules/next/dist/next-devtools/userspace/pages/pages-dev-overlay-setup.js:76
[70824354ms] [ERROR] Failed to load resource: net::ERR_INTERNET_DISCONNECTED @ https://idnvzdfgkvmakpjuawjs.supabase.co/auth/v1/token?grant_type=refresh_token:0
[70824354ms] [ERROR] TypeError: Failed to fetch
    at eval (webpack-internal:///(pages-dir-browser)/./node_modules/@supabase/auth-js/dist/module/lib/helpers.js:120:25)
    at _handleRequest (webpack-internal:///(pages-dir-browser)/./node_modules/@supabase/auth-js/dist/module/lib/fetch.js:109:24)
    at _request (webpack-internal:///(pages-dir-browser)/./node_modules/@supabase/auth-js/dist/module/lib/fetch.js:99:24)
    at eval (webpack-internal:///(pages-dir-browser)/./node_modules/@supabase/auth-js/dist/module/GoTrueClient.js:3754:82)
    at async eval (webpack-internal:///(pages-dir-browser)/./node_modules/@supabase/auth-js/dist/module/lib/helpers.js:210:36) @ webpack-internal:///(pages-dir-browser)/./node_modules/next/dist/next-devtools/userspace/pages/pages-dev-overlay-setup.js:76
[70830762ms] [ERROR] Failed to load resource: net::ERR_INTERNET_DISCONNECTED @ https://idnvzdfgkvmakpjuawjs.supabase.co/auth/v1/token?grant_type=refresh_token:0
[70830762ms] [ERROR] TypeError: Failed to fetch
    at eval (webpack-internal:///(pages-dir-browser)/./node_modules/@supabase/auth-js/dist/module/lib/helpers.js:120:25)
    at _handleRequest (webpack-internal:///(pages-dir-browser)/./node_modules/@supabase/auth-js/dist/module/lib/fetch.js:109:24)
    at _request (webpack-internal:///(pages-dir-browser)/./node_modules/@supabase/auth-js/dist/module/lib/fetch.js:99:24)
    at eval (webpack-internal:///(pages-dir-browser)/./node_modules/@supabase/auth-js/dist/module/GoTrueClient.js:3754:82)
    at async eval (webpack-internal:///(pages-dir-browser)/./node_modules/@supabase/auth-js/dist/module/lib/helpers.js:210:36) @ webpack-internal:///(pages-dir-browser)/./node_modules/next/dist/next-devtools/userspace/pages/pages-dev-overlay-setup.js:76
[72751689ms] [LOG] [HMR] connected @ webpack-internal:///(pages-dir-browser)/./node_modules/next/dist/client/dev/hot-reloader/pages/websocket.js:45
[74916676ms] [LOG] [Fast Refresh] rebuilding @ webpack-internal:///(pages-dir-browser)/./node_modules/next/dist/client/dev/hot-reloader/pages/hot-reloader-pages.js:206
[74949073ms] [LOG] [Fast Refresh] rebuilding @ webpack-internal:///(pages-dir-browser)/./node_modules/next/dist/client/dev/hot-reloader/pages/hot-reloader-pages.js:206
[74967795ms] [LOG] [Fast Refresh] rebuilding @ webpack-internal:///(pages-dir-browser)/./node_modules/next/dist/client/dev/hot-reloader/pages/hot-reloader-pages.js:206
[74968200ms] [LOG] [Fast Refresh] done in 406ms @ webpack-internal:///(pages-dir-browser)/./node_modules/next/dist/client/dev/report-hmr-latency.js:13
[74968369ms] [LOG] [Fast Refresh] rebuilding @ webpack-internal:///(pages-dir-browser)/./node_modules/next/dist/client/dev/hot-reloader/pages/hot-reloader-pages.js:206
[74968445ms] [LOG] [Fast Refresh] done in 75ms @ webpack-internal:///(pages-dir-browser)/./node_modules/next/dist/client/dev/report-hmr-latency.js:13
[74968690ms] [ERROR] Failed to load resource: the server responded with a status of 500 (Internal Server Error) @ http://localhost:3000/api/subjects/98ffe019-3382-45d7-9f6e-0f1b2ff2a2de:0
[74979016ms] [LOG] [Fast Refresh] rebuilding @ webpack-internal:///(pages-dir-browser)/./node_modules/next/dist/client/dev/hot-reloader/pages/hot-reloader-pages.js:206
[74979292ms] [LOG] [Fast Refresh] done in 277ms @ webpack-internal:///(pages-dir-browser)/./node_modules/next/dist/client/dev/report-hmr-latency.js:13
[74979324ms] [ERROR] Failed to load resource: the server responded with a status of 500 (Internal Server Error) @ http://localhost:3000/api/subjects/98ffe019-3382-45d7-9f6e-0f1b2ff2a2de:0
[75632965ms] [LOG] [Fast Refresh] rebuilding @ webpack-internal:///(pages-dir-browser)/./node_modules/next/dist/client/dev/hot-reloader/pages/hot-reloader-pages.js:206
[75633178ms] [LOG] [Fast Refresh] done in 214ms @ webpack-internal:///(pages-dir-browser)/./node_modules/next/dist/client/dev/report-hmr-latency.js:13
[75664606ms] [LOG] [Fast Refresh] rebuilding @ webpack-internal:///(pages-dir-browser)/./node_modules/next/dist/client/dev/hot-reloader/pages/hot-reloader-pages.js:206
[75989503ms] [LOG] [HMR] connected @ webpack-internal:///(pages-dir-browser)/./node_modules/next/dist/client/dev/hot-reloader/pages/websocket.js:45
[76779012ms] [LOG] [Fast Refresh] rebuilding @ webpack-internal:///(pages-dir-browser)/./node_modules/next/dist/client/dev/hot-reloader/pages/hot-reloader-pages.js:206
